mode: count
showoff-golang/internal/httpapp/handler.go:54.33,57.3 2 4
showoff-golang/internal/httpapp/handler.go:58.58,60.3 1 39
showoff-golang/internal/httpapp/handler.go:63.32,65.2 1 4
showoff-golang/internal/httpapp/handler.go:67.69,69.2 1 1
showoff-golang/internal/httpapp/handler.go:71.101,88.2 14 8
showoff-golang/internal/httpapp/handler.go:90.59,94.2 1 1
showoff-golang/internal/httpapp/handler.go:96.60,102.2 1 1
showoff-golang/internal/httpapp/handler.go:104.80,114.49 5 12
showoff-golang/internal/httpapp/handler.go:114.49,116.3 1 1
showoff-golang/internal/httpapp/handler.go:119.93,129.49 5 29
showoff-golang/internal/httpapp/handler.go:129.49,131.3 1 1
showoff-golang/internal/httpapp/handler.go:134.52,135.71 1 9
showoff-golang/internal/httpapp/handler.go:135.71,141.3 4 38
showoff-golang/internal/httpapp/handler.go:144.57,145.71 1 9
showoff-golang/internal/httpapp/handler.go:145.71,162.3 6 38
showoff-golang/internal/httpapp/handler.go:165.80,166.71 1 10
showoff-golang/internal/httpapp/handler.go:166.71,167.19 1 39
showoff-golang/internal/httpapp/handler.go:167.19,170.4 2 1
showoff-golang/internal/httpapp/handler.go:171.3,173.40 3 38
showoff-golang/internal/httpapp/handler.go:177.63,180.2 2 81
showoff-golang/internal/httpapp/handler.go:182.53,185.40 3 23
showoff-golang/internal/httpapp/handler.go:185.40,187.3 1 5
showoff-golang/internal/httpapp/handler.go:188.2,188.61 1 18
showoff-golang/internal/httpapp/handler.go:188.61,189.17 1 3
showoff-golang/internal/httpapp/handler.go:189.17,191.4 1 1
showoff-golang/internal/httpapp/handler.go:192.3,192.70 1 2
showoff-golang/internal/httpapp/handler.go:194.2,194.12 1 15
showoff-golang/internal/httpapp/handler.go:202.54,205.2 2 37
showoff-golang/internal/httpapp/handler.go:207.43,208.19 1 39
showoff-golang/internal/httpapp/handler.go:208.19,210.3 1 2
showoff-golang/internal/httpapp/handler.go:211.2,211.17 1 37
showoff-golang/internal/httpapp/shortener.go:21.56,21.97 1 4
showoff-golang/internal/httpapp/shortener.go:64.59,66.2 1 8
showoff-golang/internal/httpapp/shortener.go:68.62,73.2 1 6
showoff-golang/internal/httpapp/shortener.go:75.78,77.47 2 8
showoff-golang/internal/httpapp/shortener.go:77.47,83.3 2 1
showoff-golang/internal/httpapp/shortener.go:85.2,87.64 3 7
showoff-golang/internal/httpapp/shortener.go:87.64,94.3 2 3
showoff-golang/internal/httpapp/shortener.go:96.2,97.16 2 4
showoff-golang/internal/httpapp/shortener.go:97.16,99.3 1 2
showoff-golang/internal/httpapp/shortener.go:101.2,105.16 2 4
showoff-golang/internal/httpapp/shortener.go:105.16,108.3 2 2
showoff-golang/internal/httpapp/shortener.go:110.2,110.97 1 2
showoff-golang/internal/httpapp/shortener.go:113.75,115.9 2 4
showoff-golang/internal/httpapp/shortener.go:115.9,117.3 1 1
showoff-golang/internal/httpapp/shortener.go:119.2,120.16 2 3
showoff-golang/internal/httpapp/shortener.go:120.16,123.3 2 2
showoff-golang/internal/httpapp/shortener.go:125.2,125.89 1 1
showoff-golang/internal/httpapp/shortener.go:128.78,130.9 2 3
showoff-golang/internal/httpapp/shortener.go:130.9,132.3 1 1
showoff-golang/internal/httpapp/shortener.go:134.2,135.16 2 2
showoff-golang/internal/httpapp/shortener.go:135.16,138.3 2 1
showoff-golang/internal/httpapp/shortener.go:140.2,140.55 1 1
showoff-golang/internal/httpapp/shortener.go:143.76,145.18 2 8
showoff-golang/internal/httpapp/shortener.go:145.18,147.3 1 1
showoff-golang/internal/httpapp/shortener.go:147.8,149.80 2 7
showoff-golang/internal/httpapp/shortener.go:149.80,151.4 1 1
showoff-golang/internal/httpapp/shortener.go:154.2,154.19 1 8
showoff-golang/internal/httpapp/shortener.go:154.19,155.44 1 4
showoff-golang/internal/httpapp/shortener.go:155.44,157.4 1 1
showoff-golang/internal/httpapp/shortener.go:157.9,157.54 1 3
showoff-golang/internal/httpapp/shortener.go:157.54,159.4 1 1
showoff-golang/internal/httpapp/shortener.go:162.2,162.22 1 8
showoff-golang/internal/httpapp/shortener.go:162.22,164.3 1 4
showoff-golang/internal/httpapp/shortener.go:165.2,165.15 1 4
showoff-golang/internal/httpapp/shortener.go:168.85,170.16 2 8
showoff-golang/internal/httpapp/shortener.go:170.16,176.3 2 1
showoff-golang/internal/httpapp/shortener.go:177.2,177.43 1 7
showoff-golang/internal/httpapp/shortener.go:177.43,183.3 2 2
showoff-golang/internal/httpapp/shortener.go:184.2,184.19 1 5
showoff-golang/internal/httpapp/shortener.go:187.88,188.41 1 5
showoff-golang/internal/httpapp/shortener.go:188.41,194.3 2 2
showoff-golang/internal/httpapp/shortener.go:195.2,195.45 1 3
showoff-golang/internal/httpapp/shortener.go:195.45,201.3 2 1
showoff-golang/internal/httpapp/shortener.go:202.2,203.34 2 2
showoff-golang/internal/httpapp/shortener.go:206.54,213.2 1 3
showoff-golang/internal/httpapp/shortener.go:215.55,218.21 3 4
showoff-golang/internal/httpapp/shortener.go:218.21,220.3 1 32
showoff-golang/internal/httpapp/shortener.go:221.2,221.20 1 4
showoff-golang/internal/httpapp/shortener.go:224.136,228.44 3 5
showoff-golang/internal/httpapp/shortener.go:228.44,230.3 1 2
showoff-golang/internal/httpapp/shortener.go:232.2,240.18 4 3
showoff-golang/internal/httpapp/shortener.go:243.104,248.9 4 5
showoff-golang/internal/httpapp/shortener.go:248.9,250.3 1 3
showoff-golang/internal/httpapp/shortener.go:251.2,251.18 1 2
showoff-golang/internal/httpapp/tasks.go:58.28,60.2 1 1
showoff-golang/internal/httpapp/tasks.go:62.61,66.2 1 9
showoff-golang/internal/httpapp/tasks.go:68.54,73.2 1 7
showoff-golang/internal/httpapp/tasks.go:75.69,77.16 2 3
showoff-golang/internal/httpapp/tasks.go:77.16,80.3 2 1
showoff-golang/internal/httpapp/tasks.go:81.2,82.26 2 2
showoff-golang/internal/httpapp/tasks.go:82.26,84.3 1 2
showoff-golang/internal/httpapp/tasks.go:85.2,85.66 1 2
showoff-golang/internal/httpapp/tasks.go:88.70,90.47 2 5
showoff-golang/internal/httpapp/tasks.go:90.47,96.3 2 1
showoff-golang/internal/httpapp/tasks.go:98.2,99.54 2 4
showoff-golang/internal/httpapp/tasks.go:99.54,106.3 2 1
showoff-golang/internal/httpapp/tasks.go:108.2,109.16 2 3
showoff-golang/internal/httpapp/tasks.go:109.16,112.3 2 1
showoff-golang/internal/httpapp/tasks.go:113.2,113.88 1 2
showoff-golang/internal/httpapp/tasks.go:116.67,118.9 2 4
showoff-golang/internal/httpapp/tasks.go:118.9,120.3 1 1
showoff-golang/internal/httpapp/tasks.go:121.2,122.16 2 3
showoff-golang/internal/httpapp/tasks.go:122.16,125.3 2 2
showoff-golang/internal/httpapp/tasks.go:126.2,126.77 1 1
showoff-golang/internal/httpapp/tasks.go:129.70,131.9 2 5
showoff-golang/internal/httpapp/tasks.go:131.9,133.3 1 1
showoff-golang/internal/httpapp/tasks.go:135.2,136.47 2 4
showoff-golang/internal/httpapp/tasks.go:136.47,142.3 2 1
showoff-golang/internal/httpapp/tasks.go:144.2,145.54 2 3
showoff-golang/internal/httpapp/tasks.go:145.54,152.3 2 1
showoff-golang/internal/httpapp/tasks.go:154.2,155.16 2 2
showoff-golang/internal/httpapp/tasks.go:155.16,158.3 2 1
showoff-golang/internal/httpapp/tasks.go:159.2,159.83 1 1
showoff-golang/internal/httpapp/tasks.go:162.70,164.9 2 3
showoff-golang/internal/httpapp/tasks.go:164.9,166.3 1 1
showoff-golang/internal/httpapp/tasks.go:167.2,167.55 1 2
showoff-golang/internal/httpapp/tasks.go:167.55,170.3 2 1
showoff-golang/internal/httpapp/tasks.go:171.2,171.37 1 1
showoff-golang/internal/httpapp/tasks.go:174.72,177.27 3 13
showoff-golang/internal/httpapp/tasks.go:177.27,183.3 2 4
showoff-golang/internal/httpapp/tasks.go:184.2,184.17 1 9
showoff-golang/internal/httpapp/tasks.go:187.66,192.2 1 4
showoff-golang/internal/httpapp/tasks.go:194.73,199.2 1 5
showoff-golang/internal/httpapp/tasks.go:201.84,202.37 1 5
showoff-golang/internal/httpapp/tasks.go:202.37,205.3 2 4
showoff-golang/internal/httpapp/tasks.go:206.2,207.34 2 1
showoff-golang/internal/httpapp/tasks.go:210.56,212.20 2 8
showoff-golang/internal/httpapp/tasks.go:212.20,214.3 1 2
showoff-golang/internal/httpapp/tasks.go:215.2,215.25 1 8
showoff-golang/internal/httpapp/tasks.go:215.25,217.3 1 1
showoff-golang/internal/httpapp/tasks.go:218.2,218.25 1 8
showoff-golang/internal/httpapp/tasks.go:218.25,220.3 1 1
showoff-golang/internal/httpapp/tasks.go:221.2,221.22 1 8
showoff-golang/internal/httpapp/tasks.go:221.22,223.3 1 5
showoff-golang/internal/httpapp/tasks.go:224.2,224.15 1 3
showoff-golang/internal/httpapp/tasks.go:227.70,232.28 4 3
showoff-golang/internal/httpapp/tasks.go:232.28,234.3 1 4
showoff-golang/internal/httpapp/tasks.go:235.2,236.19 2 3
showoff-golang/internal/httpapp/tasks.go:239.100,254.2 6 4
showoff-golang/internal/httpapp/tasks.go:256.79,261.9 4 4
showoff-golang/internal/httpapp/tasks.go:261.9,263.3 1 3
showoff-golang/internal/httpapp/tasks.go:264.2,264.15 1 1
showoff-golang/internal/httpapp/tasks.go:267.110,272.9 4 4
showoff-golang/internal/httpapp/tasks.go:272.9,274.3 1 2
showoff-golang/internal/httpapp/tasks.go:275.2,280.15 6 2
showoff-golang/internal/httpapp/tasks.go:283.74,287.31 3 3
showoff-golang/internal/httpapp/tasks.go:287.31,289.3 1 2
showoff-golang/internal/httpapp/tasks.go:290.2,291.12 2 1
showoff-golang/internal/httpapp/tasks.go:294.42,303.2 1 6
showoff-golang/internal/httpapp/tasks.go:305.37,306.17 1 5
showoff-golang/internal/httpapp/tasks.go:306.17,308.3 1 1
showoff-golang/internal/httpapp/tasks.go:309.2,309.17 1 4
showoff-golang/internal/httpapp/tasks.go:309.17,311.3 1 3
showoff-golang/internal/httpapp/tasks.go:312.2,312.10 1 1
showoff-golang/internal/httpapp/tasks_postgres.go:34.102,36.16 2 2
showoff-golang/internal/httpapp/tasks_postgres.go:36.16,38.3 1 1
showoff-golang/internal/httpapp/tasks_postgres.go:39.2,39.64 1 1
showoff-golang/internal/httpapp/tasks_postgres.go:42.106,44.16 2 7
showoff-golang/internal/httpapp/tasks_postgres.go:44.16,46.3 1 2
showoff-golang/internal/httpapp/tasks_postgres.go:48.2,48.44 1 5
showoff-golang/internal/httpapp/tasks_postgres.go:48.44,51.3 2 1
showoff-golang/internal/httpapp/tasks_postgres.go:53.2,54.48 2 4
showoff-golang/internal/httpapp/tasks_postgres.go:54.48,57.3 2 1
showoff-golang/internal/httpapp/tasks_postgres.go:59.2,59.18 1 3
showoff-golang/internal/httpapp/tasks_postgres.go:62.48,64.2 1 3
showoff-golang/internal/httpapp/tasks_postgres.go:66.75,67.107 1 9
showoff-golang/internal/httpapp/tasks_postgres.go:67.107,69.3 1 1
showoff-golang/internal/httpapp/tasks_postgres.go:70.2,70.15 1 8
showoff-golang/internal/httpapp/tasks_postgres.go:70.15,72.3 1 8
showoff-golang/internal/httpapp/tasks_postgres.go:74.2,75.16 2 8
showoff-golang/internal/httpapp/tasks_postgres.go:75.16,77.3 1 1
showoff-golang/internal/httpapp/tasks_postgres.go:79.2,80.32 2 7
showoff-golang/internal/httpapp/tasks_postgres.go:80.32,81.20 1 12
showoff-golang/internal/httpapp/tasks_postgres.go:81.20,82.12 1 1
showoff-golang/internal/httpapp/tasks_postgres.go:84.3,84.38 1 11
showoff-golang/internal/httpapp/tasks_postgres.go:86.2,88.29 2 7
showoff-golang/internal/httpapp/tasks_postgres.go:88.29,90.17 2 11
showoff-golang/internal/httpapp/tasks_postgres.go:90.17,92.4 1 1
showoff-golang/internal/httpapp/tasks_postgres.go:93.3,93.48 1 10
showoff-golang/internal/httpapp/tasks_postgres.go:93.48,94.12 1 1
showoff-golang/internal/httpapp/tasks_postgres.go:96.3,96.68 1 9
showoff-golang/internal/httpapp/tasks_postgres.go:96.68,98.4 1 1
showoff-golang/internal/httpapp/tasks_postgres.go:101.2,101.12 1 5
showoff-golang/internal/httpapp/tasks_postgres.go:104.76,110.16 2 5
showoff-golang/internal/httpapp/tasks_postgres.go:110.16,112.3 1 1
showoff-golang/internal/httpapp/tasks_postgres.go:113.2,116.18 3 4
showoff-golang/internal/httpapp/tasks_postgres.go:116.18,118.98 2 3
showoff-golang/internal/httpapp/tasks_postgres.go:118.98,120.4 1 1
showoff-golang/internal/httpapp/tasks_postgres.go:121.3,121.27 1 2
showoff-golang/internal/httpapp/tasks_postgres.go:123.2,123.35 1 3
showoff-golang/internal/httpapp/tasks_postgres.go:123.35,125.3 1 1
showoff-golang/internal/httpapp/tasks_postgres.go:126.2,126.19 1 2
showoff-golang/internal/httpapp/tasks_postgres.go:129.104,138.16 3 3
showoff-golang/internal/httpapp/tasks_postgres.go:138.16,140.3 1 1
showoff-golang/internal/httpapp/tasks_postgres.go:141.2,141.17 1 2
showoff-golang/internal/httpapp/tasks_postgres.go:144.83,151.16 3 3
showoff-golang/internal/httpapp/tasks_postgres.go:151.16,152.27 1 2
showoff-golang/internal/httpapp/tasks_postgres.go:152.27,154.4 1 1
showoff-golang/internal/httpapp/tasks_postgres.go:155.3,155.52 1 1
showoff-golang/internal/httpapp/tasks_postgres.go:157.2,157.17 1 1
showoff-golang/internal/httpapp/tasks_postgres.go:160.114,170.16 3 3
showoff-golang/internal/httpapp/tasks_postgres.go:170.16,171.27 1 2
showoff-golang/internal/httpapp/tasks_postgres.go:171.27,173.4 1 1
showoff-golang/internal/httpapp/tasks_postgres.go:174.3,174.52 1 1
showoff-golang/internal/httpapp/tasks_postgres.go:176.2,176.17 1 1
showoff-golang/internal/httpapp/tasks_postgres.go:179.78,181.16 2 4
showoff-golang/internal/httpapp/tasks_postgres.go:181.16,183.3 1 1
showoff-golang/internal/httpapp/tasks_postgres.go:184.2,185.16 2 3
showoff-golang/internal/httpapp/tasks_postgres.go:185.16,187.3 1 1
showoff-golang/internal/httpapp/tasks_postgres.go:188.2,188.19 1 2
showoff-golang/internal/httpapp/tasks_postgres.go:188.19,190.3 1 1
showoff-golang/internal/httpapp/tasks_postgres.go:191.2,191.12 1 1
showoff-golang/internal/httpapp/tasks_postgres.go:194.136,203.16 3 4
showoff-golang/internal/httpapp/tasks_postgres.go:203.16,205.54 2 3
showoff-golang/internal/httpapp/tasks_postgres.go:205.54,207.4 1 2
showoff-golang/internal/httpapp/tasks_postgres.go:208.3,208.61 1 1
showoff-golang/internal/httpapp/tasks_postgres.go:210.2,210.17 1 1
showoff-golang/internal/httpapp/tasks_postgres.go:213.104,220.16 3 4
showoff-golang/internal/httpapp/tasks_postgres.go:220.16,221.27 1 3
showoff-golang/internal/httpapp/tasks_postgres.go:221.27,223.4 1 2
showoff-golang/internal/httpapp/tasks_postgres.go:224.3,224.61 1 1
showoff-golang/internal/httpapp/tasks_postgres.go:226.2,226.17 1 1
