mode: count
showoff-golang/internal/httpapp/auth.go:31.72,31.106 1 13
showoff-golang/internal/httpapp/auth.go:85.28,92.2 1 17
showoff-golang/internal/httpapp/auth.go:94.66,96.47 2 11
showoff-golang/internal/httpapp/auth.go:96.47,99.3 2 1
showoff-golang/internal/httpapp/auth.go:100.2,102.19 3 10
showoff-golang/internal/httpapp/auth.go:102.19,104.3 1 7
showoff-golang/internal/httpapp/auth.go:105.2,105.45 1 10
showoff-golang/internal/httpapp/auth.go:105.45,108.3 2 1
showoff-golang/internal/httpapp/auth.go:109.2,109.73 1 9
showoff-golang/internal/httpapp/auth.go:109.73,112.3 2 1
showoff-golang/internal/httpapp/auth.go:114.2,115.16 2 8
showoff-golang/internal/httpapp/auth.go:115.16,118.3 2 1
showoff-golang/internal/httpapp/auth.go:120.2,121.50 2 7
showoff-golang/internal/httpapp/auth.go:121.50,125.3 3 1
showoff-golang/internal/httpapp/auth.go:126.2,133.16 7 6
showoff-golang/internal/httpapp/auth.go:133.16,136.3 2 1
showoff-golang/internal/httpapp/auth.go:137.2,137.73 1 5
showoff-golang/internal/httpapp/auth.go:140.65,142.47 2 6
showoff-golang/internal/httpapp/auth.go:142.47,145.3 2 1
showoff-golang/internal/httpapp/auth.go:146.2,147.41 2 5
showoff-golang/internal/httpapp/auth.go:147.41,150.3 2 1
showoff-golang/internal/httpapp/auth.go:152.2,155.97 4 4
showoff-golang/internal/httpapp/auth.go:155.97,158.3 2 1
showoff-golang/internal/httpapp/auth.go:160.2,161.16 2 3
showoff-golang/internal/httpapp/auth.go:161.16,164.3 2 1
showoff-golang/internal/httpapp/auth.go:165.2,165.68 1 2
showoff-golang/internal/httpapp/auth.go:168.67,170.47 2 7
showoff-golang/internal/httpapp/auth.go:170.47,173.3 2 1
showoff-golang/internal/httpapp/auth.go:174.2,175.27 2 6
showoff-golang/internal/httpapp/auth.go:175.27,178.3 2 1
showoff-golang/internal/httpapp/auth.go:180.2,183.41 4 5
showoff-golang/internal/httpapp/auth.go:183.41,186.3 2 1
showoff-golang/internal/httpapp/auth.go:187.2,187.8 1 5
showoff-golang/internal/httpapp/auth.go:187.8,189.3 1 2
showoff-golang/internal/httpapp/auth.go:190.2,193.24 3 5
showoff-golang/internal/httpapp/auth.go:193.24,196.3 2 3
showoff-golang/internal/httpapp/auth.go:198.2,199.16 2 2
showoff-golang/internal/httpapp/auth.go:199.16,202.3 2 1
showoff-golang/internal/httpapp/auth.go:203.2,203.68 1 1
showoff-golang/internal/httpapp/auth.go:206.62,208.9 2 3
showoff-golang/internal/httpapp/auth.go:208.9,211.3 2 1
showoff-golang/internal/httpapp/auth.go:212.2,215.13 4 2
showoff-golang/internal/httpapp/auth.go:215.13,218.3 2 1
showoff-golang/internal/httpapp/auth.go:219.2,219.86 1 1
showoff-golang/internal/httpapp/auth.go:222.66,223.71 1 78
showoff-golang/internal/httpapp/auth.go:223.71,225.17 2 23
showoff-golang/internal/httpapp/auth.go:225.17,228.4 2 1
showoff-golang/internal/httpapp/auth.go:229.3,230.17 2 22
showoff-golang/internal/httpapp/auth.go:230.17,233.4 2 1
showoff-golang/internal/httpapp/auth.go:234.3,234.78 1 21
showoff-golang/internal/httpapp/auth.go:238.86,251.16 6 14
showoff-golang/internal/httpapp/auth.go:251.16,253.3 1 1
showoff-golang/internal/httpapp/auth.go:255.2,256.16 2 13
showoff-golang/internal/httpapp/auth.go:256.16,258.3 1 4
showoff-golang/internal/httpapp/auth.go:260.2,270.8 4 9
showoff-golang/internal/httpapp/auth.go:273.66,275.50 2 11
showoff-golang/internal/httpapp/auth.go:275.50,277.3 1 2
showoff-golang/internal/httpapp/auth.go:278.2,278.23 1 11
showoff-golang/internal/httpapp/auth.go:278.23,280.3 1 2
showoff-golang/internal/httpapp/auth.go:281.2,281.22 1 11
showoff-golang/internal/httpapp/auth.go:281.22,283.3 1 9
showoff-golang/internal/httpapp/auth.go:284.2,284.15 1 2
showoff-golang/internal/httpapp/auth.go:287.54,289.100 2 28
showoff-golang/internal/httpapp/auth.go:289.100,291.3 1 2
showoff-golang/internal/httpapp/auth.go:292.2,292.41 1 26
showoff-golang/internal/httpapp/auth.go:295.61,296.65 1 30
showoff-golang/internal/httpapp/auth.go:296.65,297.45 1 27
showoff-golang/internal/httpapp/auth.go:297.45,299.4 1 1
showoff-golang/internal/httpapp/auth.go:300.3,300.24 1 26
showoff-golang/internal/httpapp/auth.go:302.2,302.30 1 30
showoff-golang/internal/httpapp/auth.go:302.30,304.3 1 4
showoff-golang/internal/httpapp/auth.go:305.2,306.31 2 26
showoff-golang/internal/httpapp/auth.go:306.31,308.3 1 1
showoff-golang/internal/httpapp/auth.go:309.2,310.9 2 25
showoff-golang/internal/httpapp/auth.go:310.9,312.3 1 1
showoff-golang/internal/httpapp/auth.go:313.2,314.16 2 24
showoff-golang/internal/httpapp/auth.go:314.16,316.3 1 2
showoff-golang/internal/httpapp/auth.go:317.2,317.28 1 24
showoff-golang/internal/httpapp/auth.go:318.15,319.29 1 23
showoff-golang/internal/httpapp/auth.go:320.10,321.51 1 1
showoff-golang/internal/httpapp/auth.go:325.69,327.2 1 40
showoff-golang/internal/httpapp/auth.go:329.85,331.2 1 36
showoff-golang/internal/httpapp/auth.go:333.63,336.2 2 47
showoff-golang/internal/httpapp/auth.go:338.62,341.2 2 37
showoff-golang/internal/httpapp/auth.go:343.74,345.9 2 42
showoff-golang/internal/httpapp/auth.go:345.9,347.3 1 5
showoff-golang/internal/httpapp/auth.go:348.2,349.23 2 37
showoff-golang/internal/httpapp/auth.go:349.23,351.3 1 2
showoff-golang/internal/httpapp/auth.go:352.2,352.24 1 37
showoff-golang/internal/httpapp/auth.go:355.49,359.9 4 5
showoff-golang/internal/httpapp/auth.go:359.9,361.3 1 1
showoff-golang/internal/httpapp/auth.go:362.2,362.18 1 4
showoff-golang/internal/httpapp/auth.go:362.18,364.3 1 1
showoff-golang/internal/httpapp/auth.go:365.2,365.15 1 3
showoff-golang/internal/httpapp/auth.go:368.44,370.43 2 5
showoff-golang/internal/httpapp/auth.go:370.43,372.3 1 1
showoff-golang/internal/httpapp/auth.go:373.2,373.55 1 4
showoff-golang/internal/httpapp/chat_ws.go:47.40,49.3 1 4
showoff-golang/internal/httpapp/chat_ws.go:52.28,54.2 1 19
showoff-golang/internal/httpapp/chat_ws.go:56.67,58.16 2 5
showoff-golang/internal/httpapp/chat_ws.go:58.16,60.3 1 1
showoff-golang/internal/httpapp/chat_ws.go:62.2,63.16 2 5
showoff-golang/internal/httpapp/chat_ws.go:63.16,65.3 1 1
showoff-golang/internal/httpapp/chat_ws.go:67.2,80.20 6 4
showoff-golang/internal/httpapp/chat_ws.go:83.55,85.22 2 9
showoff-golang/internal/httpapp/chat_ws.go:85.22,87.17 2 3
showoff-golang/internal/httpapp/chat_ws.go:87.17,89.18 2 3
showoff-golang/internal/httpapp/chat_ws.go:89.18,91.5 1 1
showoff-golang/internal/httpapp/chat_ws.go:94.2,94.64 1 8
showoff-golang/internal/httpapp/chat_ws.go:94.64,96.3 1 6
showoff-golang/internal/httpapp/chat_ws.go:97.2,98.35 2 2
showoff-golang/internal/httpapp/chat_ws.go:101.44,104.35 3 6
showoff-golang/internal/httpapp/chat_ws.go:104.35,106.3 1 5
showoff-golang/internal/httpapp/chat_ws.go:107.2,107.33 1 6
showoff-golang/internal/httpapp/chat_ws.go:110.47,114.9 4 6
showoff-golang/internal/httpapp/chat_ws.go:114.9,116.3 1 1
showoff-golang/internal/httpapp/chat_ws.go:117.2,117.37 1 5
showoff-golang/internal/httpapp/chat_ws.go:117.37,120.3 2 5
showoff-golang/internal/httpapp/chat_ws.go:121.2,121.23 1 5
showoff-golang/internal/httpapp/chat_ws.go:121.23,123.3 1 4
showoff-golang/internal/httpapp/chat_ws.go:126.43,127.15 1 4
showoff-golang/internal/httpapp/chat_ws.go:127.15,137.3 3 4
showoff-golang/internal/httpapp/chat_ws.go:139.2,139.6 1 4
showoff-golang/internal/httpapp/chat_ws.go:139.6,141.17 2 8
showoff-golang/internal/httpapp/chat_ws.go:141.17,143.4 1 4
showoff-golang/internal/httpapp/chat_ws.go:144.3,145.54 2 4
showoff-golang/internal/httpapp/chat_ws.go:145.54,146.12 1 1
showoff-golang/internal/httpapp/chat_ws.go:148.3,149.20 2 3
showoff-golang/internal/httpapp/chat_ws.go:149.20,150.12 1 1
showoff-golang/internal/httpapp/chat_ws.go:152.3,158.5 1 2
showoff-golang/internal/httpapp/chat_ws.go:162.44,163.26 1 4
showoff-golang/internal/httpapp/chat_ws.go:163.26,164.47 1 9
showoff-golang/internal/httpapp/chat_ws.go:164.47,166.4 1 1
showoff-golang/internal/httpapp/chat_ws.go:170.67,173.25 3 11
showoff-golang/internal/httpapp/chat_ws.go:173.25,174.10 1 10
showoff-golang/internal/httpapp/chat_ws.go:175.22,175.22 0 9
showoff-golang/internal/httpapp/chat_ws.go:176.11,179.25 3 1
showoff-golang/internal/httpapp/chat_ws.go:182.2,182.23 1 11
showoff-golang/internal/httpapp/chat_ws.go:182.23,184.3 1 4
showoff-golang/internal/httpapp/chat_ws.go:185.2,185.15 1 11
showoff-golang/internal/httpapp/chat_ws.go:188.42,189.17 1 6
showoff-golang/internal/httpapp/chat_ws.go:189.17,191.3 1 4
showoff-golang/internal/httpapp/handler.go:56.33,59.3 2 32
showoff-golang/internal/httpapp/handler.go:60.58,62.3 1 87
showoff-golang/internal/httpapp/handler.go:65.32,67.2 1 9
showoff-golang/internal/httpapp/handler.go:69.69,71.2 1 1
showoff-golang/internal/httpapp/handler.go:73.101,97.2 21 13
showoff-golang/internal/httpapp/handler.go:99.59,103.2 1 1
showoff-golang/internal/httpapp/handler.go:105.60,111.2 1 1
showoff-golang/internal/httpapp/handler.go:113.80,123.49 5 27
showoff-golang/internal/httpapp/handler.go:123.49,125.3 1 1
showoff-golang/internal/httpapp/handler.go:128.93,138.49 5 62
showoff-golang/internal/httpapp/handler.go:138.49,140.3 1 1
showoff-golang/internal/httpapp/handler.go:143.52,144.71 1 14
showoff-golang/internal/httpapp/handler.go:144.71,150.3 4 68
showoff-golang/internal/httpapp/handler.go:153.57,154.71 1 14
showoff-golang/internal/httpapp/handler.go:154.71,171.3 6 68
showoff-golang/internal/httpapp/handler.go:174.80,175.71 1 15
showoff-golang/internal/httpapp/handler.go:175.71,176.19 1 69
showoff-golang/internal/httpapp/handler.go:176.19,179.4 2 1
showoff-golang/internal/httpapp/handler.go:180.3,182.40 3 68
showoff-golang/internal/httpapp/handler.go:186.63,189.2 2 159
showoff-golang/internal/httpapp/handler.go:191.53,194.40 3 51
showoff-golang/internal/httpapp/handler.go:194.40,196.3 1 8
showoff-golang/internal/httpapp/handler.go:197.2,197.61 1 43
showoff-golang/internal/httpapp/handler.go:197.61,198.17 1 3
showoff-golang/internal/httpapp/handler.go:198.17,200.4 1 1
showoff-golang/internal/httpapp/handler.go:201.3,201.70 1 2
showoff-golang/internal/httpapp/handler.go:203.2,203.12 1 40
showoff-golang/internal/httpapp/handler.go:211.54,214.2 2 63
showoff-golang/internal/httpapp/handler.go:216.43,217.19 1 69
showoff-golang/internal/httpapp/handler.go:217.19,219.3 1 6
showoff-golang/internal/httpapp/handler.go:220.2,220.17 1 63
showoff-golang/internal/httpapp/handler.go:223.72,225.9 2 6
showoff-golang/internal/httpapp/handler.go:225.9,227.3 1 1
showoff-golang/internal/httpapp/handler.go:228.2,228.19 1 5
showoff-golang/internal/httpapp/handler.go:231.34,232.50 1 1
showoff-golang/internal/httpapp/handler.go:232.50,234.3 1 1
showoff-golang/internal/httpapp/shortener.go:21.56,21.97 1 4
showoff-golang/internal/httpapp/shortener.go:64.59,66.2 1 13
showoff-golang/internal/httpapp/shortener.go:68.62,73.2 1 11
showoff-golang/internal/httpapp/shortener.go:75.78,77.47 2 8
showoff-golang/internal/httpapp/shortener.go:77.47,83.3 2 1
showoff-golang/internal/httpapp/shortener.go:85.2,87.64 3 7
showoff-golang/internal/httpapp/shortener.go:87.64,94.3 2 3
showoff-golang/internal/httpapp/shortener.go:96.2,97.16 2 4
showoff-golang/internal/httpapp/shortener.go:97.16,99.3 1 2
showoff-golang/internal/httpapp/shortener.go:101.2,105.16 2 4
showoff-golang/internal/httpapp/shortener.go:105.16,108.3 2 2
showoff-golang/internal/httpapp/shortener.go:110.2,110.97 1 2
showoff-golang/internal/httpapp/shortener.go:113.75,115.9 2 4
showoff-golang/internal/httpapp/shortener.go:115.9,117.3 1 1
showoff-golang/internal/httpapp/shortener.go:119.2,120.16 2 3
showoff-golang/internal/httpapp/shortener.go:120.16,123.3 2 2
showoff-golang/internal/httpapp/shortener.go:125.2,125.89 1 1
showoff-golang/internal/httpapp/shortener.go:128.78,130.9 2 3
showoff-golang/internal/httpapp/shortener.go:130.9,132.3 1 1
showoff-golang/internal/httpapp/shortener.go:134.2,135.16 2 2
showoff-golang/internal/httpapp/shortener.go:135.16,138.3 2 1
showoff-golang/internal/httpapp/shortener.go:140.2,140.55 1 1
showoff-golang/internal/httpapp/shortener.go:143.76,145.18 2 8
showoff-golang/internal/httpapp/shortener.go:145.18,147.3 1 1
showoff-golang/internal/httpapp/shortener.go:147.8,149.80 2 7
showoff-golang/internal/httpapp/shortener.go:149.80,151.4 1 1
showoff-golang/internal/httpapp/shortener.go:154.2,154.19 1 8
showoff-golang/internal/httpapp/shortener.go:154.19,155.44 1 4
showoff-golang/internal/httpapp/shortener.go:155.44,157.4 1 1
showoff-golang/internal/httpapp/shortener.go:157.9,157.54 1 3
showoff-golang/internal/httpapp/shortener.go:157.54,159.4 1 1
showoff-golang/internal/httpapp/shortener.go:162.2,162.22 1 8
showoff-golang/internal/httpapp/shortener.go:162.22,164.3 1 4
showoff-golang/internal/httpapp/shortener.go:165.2,165.15 1 4
showoff-golang/internal/httpapp/shortener.go:168.85,170.16 2 8
showoff-golang/internal/httpapp/shortener.go:170.16,176.3 2 1
showoff-golang/internal/httpapp/shortener.go:177.2,177.43 1 7
showoff-golang/internal/httpapp/shortener.go:177.43,183.3 2 2
showoff-golang/internal/httpapp/shortener.go:184.2,184.19 1 5
showoff-golang/internal/httpapp/shortener.go:187.88,188.41 1 5
showoff-golang/internal/httpapp/shortener.go:188.41,194.3 2 2
showoff-golang/internal/httpapp/shortener.go:195.2,195.45 1 3
showoff-golang/internal/httpapp/shortener.go:195.45,201.3 2 1
showoff-golang/internal/httpapp/shortener.go:202.2,203.34 2 2
showoff-golang/internal/httpapp/shortener.go:206.54,213.2 1 3
showoff-golang/internal/httpapp/shortener.go:215.55,218.21 3 4
showoff-golang/internal/httpapp/shortener.go:218.21,220.3 1 32
showoff-golang/internal/httpapp/shortener.go:221.2,221.20 1 4
showoff-golang/internal/httpapp/shortener.go:224.136,228.44 3 5
showoff-golang/internal/httpapp/shortener.go:228.44,230.3 1 2
showoff-golang/internal/httpapp/shortener.go:232.2,240.18 4 3
showoff-golang/internal/httpapp/shortener.go:243.104,248.9 4 5
showoff-golang/internal/httpapp/shortener.go:248.9,250.3 1 3
showoff-golang/internal/httpapp/shortener.go:251.2,251.18 1 2
showoff-golang/internal/httpapp/tasks.go:60.28,62.2 1 1
showoff-golang/internal/httpapp/tasks.go:64.61,68.2 1 17
showoff-golang/internal/httpapp/tasks.go:70.54,75.2 1 13
showoff-golang/internal/httpapp/tasks.go:77.69,79.9 2 6
showoff-golang/internal/httpapp/tasks.go:79.9,82.3 2 1
showoff-golang/internal/httpapp/tasks.go:83.2,84.16 2 5
showoff-golang/internal/httpapp/tasks.go:84.16,87.3 2 1
showoff-golang/internal/httpapp/tasks.go:88.2,89.26 2 4
showoff-golang/internal/httpapp/tasks.go:89.26,90.46 1 6
showoff-golang/internal/httpapp/tasks.go:90.46,91.12 1 1
showoff-golang/internal/httpapp/tasks.go:93.3,93.43 1 5
showoff-golang/internal/httpapp/tasks.go:95.2,95.66 1 4
showoff-golang/internal/httpapp/tasks.go:98.70,100.9 2 7
showoff-golang/internal/httpapp/tasks.go:100.9,103.3 2 1
showoff-golang/internal/httpapp/tasks.go:104.2,105.47 2 6
showoff-golang/internal/httpapp/tasks.go:105.47,111.3 2 1
showoff-golang/internal/httpapp/tasks.go:113.2,115.54 3 5
showoff-golang/internal/httpapp/tasks.go:115.54,122.3 2 1
showoff-golang/internal/httpapp/tasks.go:124.2,125.16 2 4
showoff-golang/internal/httpapp/tasks.go:125.16,128.3 2 1
showoff-golang/internal/httpapp/tasks.go:129.2,129.88 1 3
showoff-golang/internal/httpapp/tasks.go:132.67,134.9 2 11
showoff-golang/internal/httpapp/tasks.go:134.9,137.3 2 1
showoff-golang/internal/httpapp/tasks.go:138.2,139.9 2 10
showoff-golang/internal/httpapp/tasks.go:139.9,141.3 1 2
showoff-golang/internal/httpapp/tasks.go:142.2,143.16 2 8
showoff-golang/internal/httpapp/tasks.go:143.16,146.3 2 4
showoff-golang/internal/httpapp/tasks.go:147.2,147.45 1 4
showoff-golang/internal/httpapp/tasks.go:147.45,150.3 2 1
showoff-golang/internal/httpapp/tasks.go:151.2,151.77 1 3
showoff-golang/internal/httpapp/tasks.go:154.70,156.9 2 9
showoff-golang/internal/httpapp/tasks.go:156.9,159.3 2 1
showoff-golang/internal/httpapp/tasks.go:160.2,161.9 2 8
showoff-golang/internal/httpapp/tasks.go:161.9,163.3 1 1
showoff-golang/internal/httpapp/tasks.go:165.2,166.47 2 7
showoff-golang/internal/httpapp/tasks.go:166.47,172.3 2 1
showoff-golang/internal/httpapp/tasks.go:174.2,175.54 2 6
showoff-golang/internal/httpapp/tasks.go:175.54,182.3 2 1
showoff-golang/internal/httpapp/tasks.go:184.2,185.16 2 5
showoff-golang/internal/httpapp/tasks.go:185.16,188.3 2 1
showoff-golang/internal/httpapp/tasks.go:189.2,189.51 1 4
showoff-golang/internal/httpapp/tasks.go:189.51,192.3 2 1
showoff-golang/internal/httpapp/tasks.go:194.2,195.16 2 3
showoff-golang/internal/httpapp/tasks.go:195.16,198.3 2 1
showoff-golang/internal/httpapp/tasks.go:199.2,199.83 1 2
showoff-golang/internal/httpapp/tasks.go:202.70,204.9 2 7
showoff-golang/internal/httpapp/tasks.go:204.9,207.3 2 1
showoff-golang/internal/httpapp/tasks.go:208.2,209.9 2 6
showoff-golang/internal/httpapp/tasks.go:209.9,211.3 1 1
showoff-golang/internal/httpapp/tasks.go:212.2,213.16 2 5
showoff-golang/internal/httpapp/tasks.go:213.16,216.3 2 1
showoff-golang/internal/httpapp/tasks.go:217.2,217.51 1 4
showoff-golang/internal/httpapp/tasks.go:217.51,220.3 2 1
showoff-golang/internal/httpapp/tasks.go:221.2,221.55 1 3
showoff-golang/internal/httpapp/tasks.go:221.55,224.3 2 1
showoff-golang/internal/httpapp/tasks.go:225.2,225.37 1 2
showoff-golang/internal/httpapp/tasks.go:228.72,231.27 3 25
showoff-golang/internal/httpapp/tasks.go:231.27,237.3 2 5
showoff-golang/internal/httpapp/tasks.go:238.2,238.17 1 20
showoff-golang/internal/httpapp/tasks.go:241.66,246.2 1 6
showoff-golang/internal/httpapp/tasks.go:248.73,253.2 1 11
showoff-golang/internal/httpapp/tasks.go:255.84,256.37 1 9
showoff-golang/internal/httpapp/tasks.go:256.37,259.3 2 6
showoff-golang/internal/httpapp/tasks.go:260.2,261.34 2 3
showoff-golang/internal/httpapp/tasks.go:264.56,266.20 2 12
showoff-golang/internal/httpapp/tasks.go:266.20,268.3 1 2
showoff-golang/internal/httpapp/tasks.go:269.2,269.25 1 12
showoff-golang/internal/httpapp/tasks.go:269.25,271.3 1 1
showoff-golang/internal/httpapp/tasks.go:272.2,272.25 1 12
showoff-golang/internal/httpapp/tasks.go:272.25,274.3 1 1
showoff-golang/internal/httpapp/tasks.go:275.2,275.22 1 12
showoff-golang/internal/httpapp/tasks.go:275.22,277.3 1 9
showoff-golang/internal/httpapp/tasks.go:278.2,278.15 1 3
showoff-golang/internal/httpapp/tasks.go:281.70,286.28 4 5
showoff-golang/internal/httpapp/tasks.go:286.28,288.3 1 8
showoff-golang/internal/httpapp/tasks.go:289.2,290.19 2 5
showoff-golang/internal/httpapp/tasks.go:293.100,309.2 6 9
showoff-golang/internal/httpapp/tasks.go:311.79,316.9 4 15
showoff-golang/internal/httpapp/tasks.go:316.9,318.3 1 6
showoff-golang/internal/httpapp/tasks.go:319.2,319.15 1 9
showoff-golang/internal/httpapp/tasks.go:322.110,327.9 4 4
showoff-golang/internal/httpapp/tasks.go:327.9,329.3 1 1
showoff-golang/internal/httpapp/tasks.go:330.2,335.15 6 3
showoff-golang/internal/httpapp/tasks.go:338.74,342.31 3 3
showoff-golang/internal/httpapp/tasks.go:342.31,344.3 1 1
showoff-golang/internal/httpapp/tasks.go:345.2,346.12 2 2
showoff-golang/internal/httpapp/tasks.go:349.42,358.2 1 13
showoff-golang/internal/httpapp/tasks.go:360.37,361.17 1 7
showoff-golang/internal/httpapp/tasks.go:361.17,363.3 1 1
showoff-golang/internal/httpapp/tasks.go:364.2,364.17 1 6
showoff-golang/internal/httpapp/tasks.go:364.17,366.3 1 5
showoff-golang/internal/httpapp/tasks.go:367.2,367.10 1 1
showoff-golang/internal/httpapp/tasks_postgres.go:34.102,36.16 2 2
showoff-golang/internal/httpapp/tasks_postgres.go:36.16,38.3 1 1
showoff-golang/internal/httpapp/tasks_postgres.go:39.2,39.64 1 1
showoff-golang/internal/httpapp/tasks_postgres.go:42.106,44.16 2 7
showoff-golang/internal/httpapp/tasks_postgres.go:44.16,46.3 1 2
showoff-golang/internal/httpapp/tasks_postgres.go:48.2,48.44 1 5
showoff-golang/internal/httpapp/tasks_postgres.go:48.44,51.3 2 1
showoff-golang/internal/httpapp/tasks_postgres.go:53.2,54.48 2 4
showoff-golang/internal/httpapp/tasks_postgres.go:54.48,57.3 2 1
showoff-golang/internal/httpapp/tasks_postgres.go:59.2,59.18 1 3
showoff-golang/internal/httpapp/tasks_postgres.go:62.48,64.2 1 3
showoff-golang/internal/httpapp/tasks_postgres.go:66.75,67.107 1 9
showoff-golang/internal/httpapp/tasks_postgres.go:67.107,69.3 1 1
showoff-golang/internal/httpapp/tasks_postgres.go:70.2,70.15 1 8
showoff-golang/internal/httpapp/tasks_postgres.go:70.15,72.3 1 8
showoff-golang/internal/httpapp/tasks_postgres.go:74.2,75.16 2 8
showoff-golang/internal/httpapp/tasks_postgres.go:75.16,77.3 1 1
showoff-golang/internal/httpapp/tasks_postgres.go:79.2,80.32 2 7
showoff-golang/internal/httpapp/tasks_postgres.go:80.32,81.20 1 12
showoff-golang/internal/httpapp/tasks_postgres.go:81.20,82.12 1 1
showoff-golang/internal/httpapp/tasks_postgres.go:84.3,84.38 1 11
showoff-golang/internal/httpapp/tasks_postgres.go:86.2,88.29 2 7
showoff-golang/internal/httpapp/tasks_postgres.go:88.29,90.17 2 11
showoff-golang/internal/httpapp/tasks_postgres.go:90.17,92.4 1 1
showoff-golang/internal/httpapp/tasks_postgres.go:93.3,93.48 1 10
showoff-golang/internal/httpapp/tasks_postgres.go:93.48,94.12 1 1
showoff-golang/internal/httpapp/tasks_postgres.go:96.3,96.68 1 9
showoff-golang/internal/httpapp/tasks_postgres.go:96.68,98.4 1 1
showoff-golang/internal/httpapp/tasks_postgres.go:101.2,101.12 1 5
showoff-golang/internal/httpapp/tasks_postgres.go:104.76,110.16 2 5
showoff-golang/internal/httpapp/tasks_postgres.go:110.16,112.3 1 1
showoff-golang/internal/httpapp/tasks_postgres.go:113.2,116.18 3 4
showoff-golang/internal/httpapp/tasks_postgres.go:116.18,118.114 2 3
showoff-golang/internal/httpapp/tasks_postgres.go:118.114,120.4 1 1
showoff-golang/internal/httpapp/tasks_postgres.go:121.3,121.27 1 2
showoff-golang/internal/httpapp/tasks_postgres.go:123.2,123.35 1 3
showoff-golang/internal/httpapp/tasks_postgres.go:123.35,125.3 1 1
showoff-golang/internal/httpapp/tasks_postgres.go:126.2,126.19 1 2
showoff-golang/internal/httpapp/tasks_postgres.go:129.104,138.16 3 3
showoff-golang/internal/httpapp/tasks_postgres.go:138.16,140.3 1 1
showoff-golang/internal/httpapp/tasks_postgres.go:141.2,141.17 1 2
showoff-golang/internal/httpapp/tasks_postgres.go:144.83,151.16 3 3
showoff-golang/internal/httpapp/tasks_postgres.go:151.16,152.27 1 2
showoff-golang/internal/httpapp/tasks_postgres.go:152.27,154.4 1 1
showoff-golang/internal/httpapp/tasks_postgres.go:155.3,155.52 1 1
showoff-golang/internal/httpapp/tasks_postgres.go:157.2,157.17 1 1
showoff-golang/internal/httpapp/tasks_postgres.go:160.114,170.16 3 3
showoff-golang/internal/httpapp/tasks_postgres.go:170.16,171.27 1 2
showoff-golang/internal/httpapp/tasks_postgres.go:171.27,173.4 1 1
showoff-golang/internal/httpapp/tasks_postgres.go:174.3,174.52 1 1
showoff-golang/internal/httpapp/tasks_postgres.go:176.2,176.17 1 1
showoff-golang/internal/httpapp/tasks_postgres.go:179.78,181.16 2 4
showoff-golang/internal/httpapp/tasks_postgres.go:181.16,183.3 1 1
showoff-golang/internal/httpapp/tasks_postgres.go:184.2,185.16 2 3
showoff-golang/internal/httpapp/tasks_postgres.go:185.16,187.3 1 1
showoff-golang/internal/httpapp/tasks_postgres.go:188.2,188.19 1 2
showoff-golang/internal/httpapp/tasks_postgres.go:188.19,190.3 1 1
showoff-golang/internal/httpapp/tasks_postgres.go:191.2,191.12 1 1
showoff-golang/internal/httpapp/tasks_postgres.go:194.136,203.16 3 4
showoff-golang/internal/httpapp/tasks_postgres.go:203.16,205.54 2 3
showoff-golang/internal/httpapp/tasks_postgres.go:205.54,207.4 1 2
showoff-golang/internal/httpapp/tasks_postgres.go:208.3,208.61 1 1
showoff-golang/internal/httpapp/tasks_postgres.go:210.2,210.17 1 1
showoff-golang/internal/httpapp/tasks_postgres.go:213.104,220.16 3 4
showoff-golang/internal/httpapp/tasks_postgres.go:220.16,221.27 1 3
showoff-golang/internal/httpapp/tasks_postgres.go:221.27,223.4 1 2
showoff-golang/internal/httpapp/tasks_postgres.go:224.3,224.61 1 1
showoff-golang/internal/httpapp/tasks_postgres.go:226.2,226.17 1 1
